<?xml version="1.0" encoding="UTF-8"?>
<testsuites name="Authentification" time="19.765" tests="3" failures="0" errors="3">
   <testsuite name="Authentification" tests="3" failures="0" errors="3" time="19.765" skipped="0" timestamp="2021-11-03 10:18:57" hostname="MEHREZ - DESKTOP-ACK9F1N" id="Test Suites/Authentification">
      <properties>
         <property name="deviceName" value=""/>
         <property name="devicePlatform" value=""/>
         <property name="logFolder" value="C:\\Users\\MEHREZ\\git\\faimerecruiter\\Reports\\20211103_101841\\Authentification\\20211103_101841"/>
         <property name="logFiles" value="C:\\Users\\MEHREZ\\git\\faimerecruiter\\Reports\\20211103_101841\\Authentification\\20211103_101841\\execution0.log"/>
         <property name="attachments" value=""/>
         <property name="hostName" value="MEHREZ - DESKTOP-ACK9F1N"/>
         <property name="os" value="Windows 10 64bit"/>
         <property name="katalonVersion" value="8.1.0.208"/>
         <property name="browser" value="Chrome 95.0.4638.69"/>
         <property name="hostAddress" value="169.254.209.0"/>
         <property name="sessionId" value="a7c9b9a8ad42edaf8393d33eb5603988"/>
         <property name="seleniumVersion" value="3.141.59"/>
         <property name="proxyInformation" value="ProxyInformation { proxyOption=NO_PROXY, proxyServerType=HTTP, username=, password=********, proxyServerAddress=, proxyServerPort=0, executionList=&quot;&quot;, isApplyToDesiredCapabilities=true }"/>
         <property name="platform" value="Windows 10"/>
      </properties>
      <testcase name="Test Cases/TestDataDrivenLogin" time="7.579" classname="Test Cases/TestDataDrivenLogin" status="ERROR">
         <error type="ERROR" message="Test Cases/TestDataDrivenLogin FAILED.
Reason:
groovy.lang.MissingPropertyException: No such property: ConditionType for class: Script1635791682593
	at TestDataDrivenLogin.run(TestDataDrivenLogin:31)
	at com.kms.katalon.core.main.ScriptEngine.run(ScriptEngine.java:194)
	at com.kms.katalon.core.main.ScriptEngine.runScriptAsRawText(ScriptEngine.java:119)
	at com.kms.katalon.core.main.TestCaseExecutor.runScript(TestCaseExecutor.java:430)
	at com.kms.katalon.core.main.TestCaseExecutor.doExecute(TestCaseExecutor.java:421)
	at com.kms.katalon.core.main.TestCaseExecutor.processExecutionPhase(TestCaseExecutor.java:400)
	at com.kms.katalon.core.main.TestCaseExecutor.accessMainPhase(TestCaseExecutor.java:392)
	at com.kms.katalon.core.main.TestCaseExecutor.execute(TestCaseExecutor.java:273)
	at com.kms.katalon.core.main.TestSuiteExecutor.accessTestCaseMainPhase(TestSuiteExecutor.java:202)
	at com.kms.katalon.core.main.TestSuiteExecutor.accessTestSuiteMainPhase(TestSuiteExecutor.java:164)
	at com.kms.katalon.core.main.TestSuiteExecutor.execute(TestSuiteExecutor.java:105)
	at com.kms.katalon.core.main.TestCaseMain.startTestSuite(TestCaseMain.java:185)
	at com.kms.katalon.core.main.TestCaseMain$startTestSuite$0.call(Unknown Source)
	at TempTestSuite1635931121507.run(TempTestSuite1635931121507.groovy:36)
"/>
         <system-out><![CDATA[2021-11-03 10:19:00 - [TEST_CASE][ERROR] - Test Cases/TestDataDrivenLogin: Test Cases/TestDataDrivenLogin FAILED.
Reason:
groovy.lang.MissingPropertyException: No such property: ConditionType for class: Script1635791682593
	at TestDataDrivenLogin.run(TestDataDrivenLogin:31)
	at com.kms.katalon.core.main.ScriptEngine.run(ScriptEngine.java:194)
	at com.kms.katalon.core.main.ScriptEngine.runScriptAsRawText(ScriptEngine.java:119)
	at com.kms.katalon.core.main.TestCaseExecutor.runScript(TestCaseExecutor.java:430)
	at com.kms.katalon.core.main.TestCaseExecutor.doExecute(TestCaseExecutor.java:421)
	at com.kms.katalon.core.main.TestCaseExecutor.processExecutionPhase(TestCaseExecutor.java:400)
	at com.kms.katalon.core.main.TestCaseExecutor.accessMainPhase(TestCaseExecutor.java:392)
	at com.kms.katalon.core.main.TestCaseExecutor.execute(TestCaseExecutor.java:273)
	at com.kms.katalon.core.main.TestSuiteExecutor.accessTestCaseMainPhase(TestSuiteExecutor.java:202)
	at com.kms.katalon.core.main.TestSuiteExecutor.accessTestSuiteMainPhase(TestSuiteExecutor.java:164)
	at com.kms.katalon.core.main.TestSuiteExecutor.execute(TestSuiteExecutor.java:105)
	at com.kms.katalon.core.main.TestCaseMain.startTestSuite(TestCaseMain.java:185)
	at com.kms.katalon.core.main.TestCaseMain$startTestSuite$0.call(Unknown Source)
	at TempTestSuite1635931121507.run(TempTestSuite1635931121507.groovy:36)


2021-11-03 10:19:00 - [TEST_STEP][PASSED] - Start listener action : sampleBeforeTestCase: null

2021-11-03 10:19:00 - [TEST_STEP][PASSED] - println(testCaseContext.getTestCaseId()): null

2021-11-03 10:19:00 - [TEST_STEP][PASSED] - println(testCaseContext.getTestCaseVariables()): null

2021-11-03 10:19:01 - [TEST_STEP][PASSED] - openBrowser(""): Browser is opened with url: ''

2021-11-03 10:19:02 - [MESSAGE][INFO] - Starting 'Chrome' driver

2021-11-03 10:19:02 - [MESSAGE][INFO] - Action delay is set to 0 milliseconds

2021-11-03 10:19:06 - [MESSAGE][PASSED] - Browser is opened with url: ''

2021-11-03 10:19:06 - [TEST_STEP][PASSED] - maximizeWindow(): Current window maximized

2021-11-03 10:19:07 - [MESSAGE][PASSED] - Current window maximized

2021-11-03 10:19:07 - [TEST_STEP][PASSED] - navigateToUrl("http://ats.faimerecruiter.com/"): Navigate to 'http://ats.faimerecruiter.com/' successfully

2021-11-03 10:19:07 - [MESSAGE][PASSED] - Navigate to 'http://ats.faimerecruiter.com/' successfully

2021-11-03 10:19:07 - [TEST_STEP][PASSED] - ObjUsername = new com.kms.katalon.core.testobject.TestObject(username): null

2021-11-03 10:19:07 - [TEST_STEP][PASSED] - ObjPassword = new com.kms.katalon.core.testobject.TestObject(password): null

2021-11-03 10:19:07 - [TEST_STEP][PASSED] - ObjValider = new com.kms.katalon.core.testobject.TestObject(valider): null

2021-11-03 10:19:07 - [TEST_STEP][PASSED] - ObjLogout = new com.kms.katalon.core.testobject.TestObject(Logout): null

2021-11-03 10:19:07 - [TEST_STEP][PASSED] - ObjMsgErr = new com.kms.katalon.core.testobject.TestObject(MsgErr): null

2021-11-03 10:19:07 - [TEST_STEP][ERROR] - ObjUsername.addProperty("xpath", EQUALS, "//input[@id='username']"): Test Cases/TestDataDrivenLogin FAILED.
Reason:
groovy.lang.MissingPropertyException: No such property: ConditionType for class: Script1635791682593
	at TestDataDrivenLogin.run(TestDataDrivenLogin:31)
	at com.kms.katalon.core.main.ScriptEngine.run(ScriptEngine.java:194)
	at com.kms.katalon.core.main.ScriptEngine.runScriptAsRawText(ScriptEngine.java:119)
	at com.kms.katalon.core.main.TestCaseExecutor.runScript(TestCaseExecutor.java:430)
	at com.kms.katalon.core.main.TestCaseExecutor.doExecute(TestCaseExecutor.java:421)
	at com.kms.katalon.core.main.TestCaseExecutor.processExecutionPhase(TestCaseExecutor.java:400)
	at com.kms.katalon.core.main.TestCaseExecutor.accessMainPhase(TestCaseExecutor.java:392)
	at com.kms.katalon.core.main.TestCaseExecutor.execute(TestCaseExecutor.java:273)
	at com.kms.katalon.core.main.TestSuiteExecutor.accessTestCaseMainPhase(TestSuiteExecutor.java:202)
	at com.kms.katalon.core.main.TestSuiteExecutor.accessTestSuiteMainPhase(TestSuiteExecutor.java:164)
	at com.kms.katalon.core.main.TestSuiteExecutor.execute(TestSuiteExecutor.java:105)
	at com.kms.katalon.core.main.TestCaseMain.startTestSuite(TestCaseMain.java:185)
	at com.kms.katalon.core.main.TestCaseMain$startTestSuite$0.call(Unknown Source)
	at TempTestSuite1635931121507.run(TempTestSuite1635931121507.groovy:36)


2021-11-03 10:19:07 - [MESSAGE][ERROR] - Test Cases/TestDataDrivenLogin FAILED.
Reason:
groovy.lang.MissingPropertyException: No such property: ConditionType for class: Script1635791682593
	at TestDataDrivenLogin.run(TestDataDrivenLogin:31)
	at com.kms.katalon.core.main.ScriptEngine.run(ScriptEngine.java:194)
	at com.kms.katalon.core.main.ScriptEngine.runScriptAsRawText(ScriptEngine.java:119)
	at com.kms.katalon.core.main.TestCaseExecutor.runScript(TestCaseExecutor.java:430)
	at com.kms.katalon.core.main.TestCaseExecutor.doExecute(TestCaseExecutor.java:421)
	at com.kms.katalon.core.main.TestCaseExecutor.processExecutionPhase(TestCaseExecutor.java:400)
	at com.kms.katalon.core.main.TestCaseExecutor.accessMainPhase(TestCaseExecutor.java:392)
	at com.kms.katalon.core.main.TestCaseExecutor.execute(TestCaseExecutor.java:273)
	at com.kms.katalon.core.main.TestSuiteExecutor.accessTestCaseMainPhase(TestSuiteExecutor.java:202)
	at com.kms.katalon.core.main.TestSuiteExecutor.accessTestSuiteMainPhase(TestSuiteExecutor.java:164)
	at com.kms.katalon.core.main.TestSuiteExecutor.execute(TestSuiteExecutor.java:105)
	at com.kms.katalon.core.main.TestCaseMain.startTestSuite(TestCaseMain.java:185)
	at com.kms.katalon.core.main.TestCaseMain$startTestSuite$0.call(Unknown Source)
	at TempTestSuite1635931121507.run(TempTestSuite1635931121507.groovy:36)


2021-11-03 10:19:07 - [TEST_STEP][PASSED] - Start listener action : sampleAfterTestCase: null

2021-11-03 10:19:07 - [TEST_STEP][PASSED] - println(testCaseContext.getTestCaseId()): null

2021-11-03 10:19:07 - [TEST_STEP][PASSED] - println(testCaseContext.getTestCaseStatus()): null]]></system-out>
         <system-err><![CDATA[2021-11-03 10:19:00 - [TEST_CASE][ERROR] - Test Cases/TestDataDrivenLogin: Test Cases/TestDataDrivenLogin FAILED.
Reason:
groovy.lang.MissingPropertyException: No such property: ConditionType for class: Script1635791682593
	at TestDataDrivenLogin.run(TestDataDrivenLogin:31)
	at com.kms.katalon.core.main.ScriptEngine.run(ScriptEngine.java:194)
	at com.kms.katalon.core.main.ScriptEngine.runScriptAsRawText(ScriptEngine.java:119)
	at com.kms.katalon.core.main.TestCaseExecutor.runScript(TestCaseExecutor.java:430)
	at com.kms.katalon.core.main.TestCaseExecutor.doExecute(TestCaseExecutor.java:421)
	at com.kms.katalon.core.main.TestCaseExecutor.processExecutionPhase(TestCaseExecutor.java:400)
	at com.kms.katalon.core.main.TestCaseExecutor.accessMainPhase(TestCaseExecutor.java:392)
	at com.kms.katalon.core.main.TestCaseExecutor.execute(TestCaseExecutor.java:273)
	at com.kms.katalon.core.main.TestSuiteExecutor.accessTestCaseMainPhase(TestSuiteExecutor.java:202)
	at com.kms.katalon.core.main.TestSuiteExecutor.accessTestSuiteMainPhase(TestSuiteExecutor.java:164)
	at com.kms.katalon.core.main.TestSuiteExecutor.execute(TestSuiteExecutor.java:105)
	at com.kms.katalon.core.main.TestCaseMain.startTestSuite(TestCaseMain.java:185)
	at com.kms.katalon.core.main.TestCaseMain$startTestSuite$0.call(Unknown Source)
	at TempTestSuite1635931121507.run(TempTestSuite1635931121507.groovy:36)]]></system-err>
      </testcase>
      <testcase name="Test Cases/TestDataDrivenLogin" time="3.618" classname="Test Cases/TestDataDrivenLogin" status="ERROR">
         <error type="ERROR" message="Test Cases/TestDataDrivenLogin FAILED.
Reason:
groovy.lang.MissingPropertyException: No such property: ConditionType for class: Script1635791682593
	at TestDataDrivenLogin.run(TestDataDrivenLogin:31)
	at com.kms.katalon.core.main.ScriptEngine.run(ScriptEngine.java:194)
	at com.kms.katalon.core.main.ScriptEngine.runScriptAsRawText(ScriptEngine.java:119)
	at com.kms.katalon.core.main.TestCaseExecutor.runScript(TestCaseExecutor.java:430)
	at com.kms.katalon.core.main.TestCaseExecutor.doExecute(TestCaseExecutor.java:421)
	at com.kms.katalon.core.main.TestCaseExecutor.processExecutionPhase(TestCaseExecutor.java:400)
	at com.kms.katalon.core.main.TestCaseExecutor.accessMainPhase(TestCaseExecutor.java:392)
	at com.kms.katalon.core.main.TestCaseExecutor.execute(TestCaseExecutor.java:273)
	at com.kms.katalon.core.main.TestSuiteExecutor.accessTestCaseMainPhase(TestSuiteExecutor.java:202)
	at com.kms.katalon.core.main.TestSuiteExecutor.accessTestSuiteMainPhase(TestSuiteExecutor.java:164)
	at com.kms.katalon.core.main.TestSuiteExecutor.execute(TestSuiteExecutor.java:105)
	at com.kms.katalon.core.main.TestCaseMain.startTestSuite(TestCaseMain.java:185)
	at com.kms.katalon.core.main.TestCaseMain$startTestSuite$0.call(Unknown Source)
	at TempTestSuite1635931121507.run(TempTestSuite1635931121507.groovy:36)
"/>
         <system-out><![CDATA[2021-11-03 10:19:08 - [TEST_CASE][ERROR] - Test Cases/TestDataDrivenLogin: Test Cases/TestDataDrivenLogin FAILED.
Reason:
groovy.lang.MissingPropertyException: No such property: ConditionType for class: Script1635791682593
	at TestDataDrivenLogin.run(TestDataDrivenLogin:31)
	at com.kms.katalon.core.main.ScriptEngine.run(ScriptEngine.java:194)
	at com.kms.katalon.core.main.ScriptEngine.runScriptAsRawText(ScriptEngine.java:119)
	at com.kms.katalon.core.main.TestCaseExecutor.runScript(TestCaseExecutor.java:430)
	at com.kms.katalon.core.main.TestCaseExecutor.doExecute(TestCaseExecutor.java:421)
	at com.kms.katalon.core.main.TestCaseExecutor.processExecutionPhase(TestCaseExecutor.java:400)
	at com.kms.katalon.core.main.TestCaseExecutor.accessMainPhase(TestCaseExecutor.java:392)
	at com.kms.katalon.core.main.TestCaseExecutor.execute(TestCaseExecutor.java:273)
	at com.kms.katalon.core.main.TestSuiteExecutor.accessTestCaseMainPhase(TestSuiteExecutor.java:202)
	at com.kms.katalon.core.main.TestSuiteExecutor.accessTestSuiteMainPhase(TestSuiteExecutor.java:164)
	at com.kms.katalon.core.main.TestSuiteExecutor.execute(TestSuiteExecutor.java:105)
	at com.kms.katalon.core.main.TestCaseMain.startTestSuite(TestCaseMain.java:185)
	at com.kms.katalon.core.main.TestCaseMain$startTestSuite$0.call(Unknown Source)
	at TempTestSuite1635931121507.run(TempTestSuite1635931121507.groovy:36)


2021-11-03 10:19:08 - [TEST_STEP][PASSED] - Start listener action : sampleBeforeTestCase: null

2021-11-03 10:19:08 - [TEST_STEP][PASSED] - println(testCaseContext.getTestCaseId()): null

2021-11-03 10:19:08 - [TEST_STEP][PASSED] - println(testCaseContext.getTestCaseVariables()): null

2021-11-03 10:19:08 - [TEST_STEP][PASSED] - openBrowser(""): Browser is opened with url: ''

2021-11-03 10:19:08 - [MESSAGE][WARNING] - A browser is already opened. Closing browser and opening a new one

2021-11-03 10:19:09 - [MESSAGE][INFO] - Starting 'Chrome' driver

2021-11-03 10:19:09 - [MESSAGE][INFO] - Action delay is set to 0 milliseconds

2021-11-03 10:19:10 - [MESSAGE][PASSED] - Browser is opened with url: ''

2021-11-03 10:19:10 - [TEST_STEP][PASSED] - maximizeWindow(): Current window maximized

2021-11-03 10:19:10 - [MESSAGE][PASSED] - Current window maximized

2021-11-03 10:19:10 - [TEST_STEP][PASSED] - navigateToUrl("http://ats.faimerecruiter.com/"): Navigate to 'http://ats.faimerecruiter.com/' successfully

2021-11-03 10:19:11 - [MESSAGE][PASSED] - Navigate to 'http://ats.faimerecruiter.com/' successfully

2021-11-03 10:19:11 - [TEST_STEP][PASSED] - ObjUsername = new com.kms.katalon.core.testobject.TestObject(username): null

2021-11-03 10:19:11 - [TEST_STEP][PASSED] - ObjPassword = new com.kms.katalon.core.testobject.TestObject(password): null

2021-11-03 10:19:11 - [TEST_STEP][PASSED] - ObjValider = new com.kms.katalon.core.testobject.TestObject(valider): null

2021-11-03 10:19:11 - [TEST_STEP][PASSED] - ObjLogout = new com.kms.katalon.core.testobject.TestObject(Logout): null

2021-11-03 10:19:11 - [TEST_STEP][PASSED] - ObjMsgErr = new com.kms.katalon.core.testobject.TestObject(MsgErr): null

2021-11-03 10:19:11 - [TEST_STEP][ERROR] - ObjUsername.addProperty("xpath", EQUALS, "//input[@id='username']"): Test Cases/TestDataDrivenLogin FAILED.
Reason:
groovy.lang.MissingPropertyException: No such property: ConditionType for class: Script1635791682593
	at TestDataDrivenLogin.run(TestDataDrivenLogin:31)
	at com.kms.katalon.core.main.ScriptEngine.run(ScriptEngine.java:194)
	at com.kms.katalon.core.main.ScriptEngine.runScriptAsRawText(ScriptEngine.java:119)
	at com.kms.katalon.core.main.TestCaseExecutor.runScript(TestCaseExecutor.java:430)
	at com.kms.katalon.core.main.TestCaseExecutor.doExecute(TestCaseExecutor.java:421)
	at com.kms.katalon.core.main.TestCaseExecutor.processExecutionPhase(TestCaseExecutor.java:400)
	at com.kms.katalon.core.main.TestCaseExecutor.accessMainPhase(TestCaseExecutor.java:392)
	at com.kms.katalon.core.main.TestCaseExecutor.execute(TestCaseExecutor.java:273)
	at com.kms.katalon.core.main.TestSuiteExecutor.accessTestCaseMainPhase(TestSuiteExecutor.java:202)
	at com.kms.katalon.core.main.TestSuiteExecutor.accessTestSuiteMainPhase(TestSuiteExecutor.java:164)
	at com.kms.katalon.core.main.TestSuiteExecutor.execute(TestSuiteExecutor.java:105)
	at com.kms.katalon.core.main.TestCaseMain.startTestSuite(TestCaseMain.java:185)
	at com.kms.katalon.core.main.TestCaseMain$startTestSuite$0.call(Unknown Source)
	at TempTestSuite1635931121507.run(TempTestSuite1635931121507.groovy:36)


2021-11-03 10:19:11 - [MESSAGE][ERROR] - Test Cases/TestDataDrivenLogin FAILED.
Reason:
groovy.lang.MissingPropertyException: No such property: ConditionType for class: Script1635791682593
	at TestDataDrivenLogin.run(TestDataDrivenLogin:31)
	at com.kms.katalon.core.main.ScriptEngine.run(ScriptEngine.java:194)
	at com.kms.katalon.core.main.ScriptEngine.runScriptAsRawText(ScriptEngine.java:119)
	at com.kms.katalon.core.main.TestCaseExecutor.runScript(TestCaseExecutor.java:430)
	at com.kms.katalon.core.main.TestCaseExecutor.doExecute(TestCaseExecutor.java:421)
	at com.kms.katalon.core.main.TestCaseExecutor.processExecutionPhase(TestCaseExecutor.java:400)
	at com.kms.katalon.core.main.TestCaseExecutor.accessMainPhase(TestCaseExecutor.java:392)
	at com.kms.katalon.core.main.TestCaseExecutor.execute(TestCaseExecutor.java:273)
	at com.kms.katalon.core.main.TestSuiteExecutor.accessTestCaseMainPhase(TestSuiteExecutor.java:202)
	at com.kms.katalon.core.main.TestSuiteExecutor.accessTestSuiteMainPhase(TestSuiteExecutor.java:164)
	at com.kms.katalon.core.main.TestSuiteExecutor.execute(TestSuiteExecutor.java:105)
	at com.kms.katalon.core.main.TestCaseMain.startTestSuite(TestCaseMain.java:185)
	at com.kms.katalon.core.main.TestCaseMain$startTestSuite$0.call(Unknown Source)
	at TempTestSuite1635931121507.run(TempTestSuite1635931121507.groovy:36)


2021-11-03 10:19:11 - [TEST_STEP][PASSED] - Start listener action : sampleAfterTestCase: null

2021-11-03 10:19:11 - [TEST_STEP][PASSED] - println(testCaseContext.getTestCaseId()): null

2021-11-03 10:19:11 - [TEST_STEP][PASSED] - println(testCaseContext.getTestCaseStatus()): null]]></system-out>
         <system-err><![CDATA[2021-11-03 10:19:08 - [TEST_CASE][ERROR] - Test Cases/TestDataDrivenLogin: Test Cases/TestDataDrivenLogin FAILED.
Reason:
groovy.lang.MissingPropertyException: No such property: ConditionType for class: Script1635791682593
	at TestDataDrivenLogin.run(TestDataDrivenLogin:31)
	at com.kms.katalon.core.main.ScriptEngine.run(ScriptEngine.java:194)
	at com.kms.katalon.core.main.ScriptEngine.runScriptAsRawText(ScriptEngine.java:119)
	at com.kms.katalon.core.main.TestCaseExecutor.runScript(TestCaseExecutor.java:430)
	at com.kms.katalon.core.main.TestCaseExecutor.doExecute(TestCaseExecutor.java:421)
	at com.kms.katalon.core.main.TestCaseExecutor.processExecutionPhase(TestCaseExecutor.java:400)
	at com.kms.katalon.core.main.TestCaseExecutor.accessMainPhase(TestCaseExecutor.java:392)
	at com.kms.katalon.core.main.TestCaseExecutor.execute(TestCaseExecutor.java:273)
	at com.kms.katalon.core.main.TestSuiteExecutor.accessTestCaseMainPhase(TestSuiteExecutor.java:202)
	at com.kms.katalon.core.main.TestSuiteExecutor.accessTestSuiteMainPhase(TestSuiteExecutor.java:164)
	at com.kms.katalon.core.main.TestSuiteExecutor.execute(TestSuiteExecutor.java:105)
	at com.kms.katalon.core.main.TestCaseMain.startTestSuite(TestCaseMain.java:185)
	at com.kms.katalon.core.main.TestCaseMain$startTestSuite$0.call(Unknown Source)
	at TempTestSuite1635931121507.run(TempTestSuite1635931121507.groovy:36)]]></system-err>
      </testcase>
      <testcase name="Test Cases/TestDataDrivenLogin" time="3.409" classname="Test Cases/TestDataDrivenLogin" status="ERROR">
         <error type="ERROR" message="Test Cases/TestDataDrivenLogin FAILED.
Reason:
groovy.lang.MissingPropertyException: No such property: ConditionType for class: Script1635791682593
	at TestDataDrivenLogin.run(TestDataDrivenLogin:31)
	at com.kms.katalon.core.main.ScriptEngine.run(ScriptEngine.java:194)
	at com.kms.katalon.core.main.ScriptEngine.runScriptAsRawText(ScriptEngine.java:119)
	at com.kms.katalon.core.main.TestCaseExecutor.runScript(TestCaseExecutor.java:430)
	at com.kms.katalon.core.main.TestCaseExecutor.doExecute(TestCaseExecutor.java:421)
	at com.kms.katalon.core.main.TestCaseExecutor.processExecutionPhase(TestCaseExecutor.java:400)
	at com.kms.katalon.core.main.TestCaseExecutor.accessMainPhase(TestCaseExecutor.java:392)
	at com.kms.katalon.core.main.TestCaseExecutor.execute(TestCaseExecutor.java:273)
	at com.kms.katalon.core.main.TestSuiteExecutor.accessTestCaseMainPhase(TestSuiteExecutor.java:202)
	at com.kms.katalon.core.main.TestSuiteExecutor.accessTestSuiteMainPhase(TestSuiteExecutor.java:164)
	at com.kms.katalon.core.main.TestSuiteExecutor.execute(TestSuiteExecutor.java:105)
	at com.kms.katalon.core.main.TestCaseMain.startTestSuite(TestCaseMain.java:185)
	at com.kms.katalon.core.main.TestCaseMain$startTestSuite$0.call(Unknown Source)
	at TempTestSuite1635931121507.run(TempTestSuite1635931121507.groovy:36)
"/>
         <system-out><![CDATA[2021-11-03 10:19:11 - [TEST_CASE][ERROR] - Test Cases/TestDataDrivenLogin: Test Cases/TestDataDrivenLogin FAILED.
Reason:
groovy.lang.MissingPropertyException: No such property: ConditionType for class: Script1635791682593
	at TestDataDrivenLogin.run(TestDataDrivenLogin:31)
	at com.kms.katalon.core.main.ScriptEngine.run(ScriptEngine.java:194)
	at com.kms.katalon.core.main.ScriptEngine.runScriptAsRawText(ScriptEngine.java:119)
	at com.kms.katalon.core.main.TestCaseExecutor.runScript(TestCaseExecutor.java:430)
	at com.kms.katalon.core.main.TestCaseExecutor.doExecute(TestCaseExecutor.java:421)
	at com.kms.katalon.core.main.TestCaseExecutor.processExecutionPhase(TestCaseExecutor.java:400)
	at com.kms.katalon.core.main.TestCaseExecutor.accessMainPhase(TestCaseExecutor.java:392)
	at com.kms.katalon.core.main.TestCaseExecutor.execute(TestCaseExecutor.java:273)
	at com.kms.katalon.core.main.TestSuiteExecutor.accessTestCaseMainPhase(TestSuiteExecutor.java:202)
	at com.kms.katalon.core.main.TestSuiteExecutor.accessTestSuiteMainPhase(TestSuiteExecutor.java:164)
	at com.kms.katalon.core.main.TestSuiteExecutor.execute(TestSuiteExecutor.java:105)
	at com.kms.katalon.core.main.TestCaseMain.startTestSuite(TestCaseMain.java:185)
	at com.kms.katalon.core.main.TestCaseMain$startTestSuite$0.call(Unknown Source)
	at TempTestSuite1635931121507.run(TempTestSuite1635931121507.groovy:36)


2021-11-03 10:19:11 - [TEST_STEP][PASSED] - Start listener action : sampleBeforeTestCase: null

2021-11-03 10:19:11 - [TEST_STEP][PASSED] - println(testCaseContext.getTestCaseId()): null

2021-11-03 10:19:11 - [TEST_STEP][PASSED] - println(testCaseContext.getTestCaseVariables()): null

2021-11-03 10:19:11 - [TEST_STEP][PASSED] - openBrowser(""): Browser is opened with url: ''

2021-11-03 10:19:11 - [MESSAGE][WARNING] - A browser is already opened. Closing browser and opening a new one

2021-11-03 10:19:12 - [MESSAGE][INFO] - Starting 'Chrome' driver

2021-11-03 10:19:12 - [MESSAGE][INFO] - Action delay is set to 0 milliseconds

2021-11-03 10:19:14 - [MESSAGE][PASSED] - Browser is opened with url: ''

2021-11-03 10:19:14 - [TEST_STEP][PASSED] - maximizeWindow(): Current window maximized

2021-11-03 10:19:14 - [MESSAGE][PASSED] - Current window maximized

2021-11-03 10:19:14 - [TEST_STEP][PASSED] - navigateToUrl("http://ats.faimerecruiter.com/"): Navigate to 'http://ats.faimerecruiter.com/' successfully

2021-11-03 10:19:15 - [MESSAGE][PASSED] - Navigate to 'http://ats.faimerecruiter.com/' successfully

2021-11-03 10:19:15 - [TEST_STEP][PASSED] - ObjUsername = new com.kms.katalon.core.testobject.TestObject(username): null

2021-11-03 10:19:15 - [TEST_STEP][PASSED] - ObjPassword = new com.kms.katalon.core.testobject.TestObject(password): null

2021-11-03 10:19:15 - [TEST_STEP][PASSED] - ObjValider = new com.kms.katalon.core.testobject.TestObject(valider): null

2021-11-03 10:19:15 - [TEST_STEP][PASSED] - ObjLogout = new com.kms.katalon.core.testobject.TestObject(Logout): null

2021-11-03 10:19:15 - [TEST_STEP][PASSED] - ObjMsgErr = new com.kms.katalon.core.testobject.TestObject(MsgErr): null

2021-11-03 10:19:15 - [TEST_STEP][ERROR] - ObjUsername.addProperty("xpath", EQUALS, "//input[@id='username']"): Test Cases/TestDataDrivenLogin FAILED.
Reason:
groovy.lang.MissingPropertyException: No such property: ConditionType for class: Script1635791682593
	at TestDataDrivenLogin.run(TestDataDrivenLogin:31)
	at com.kms.katalon.core.main.ScriptEngine.run(ScriptEngine.java:194)
	at com.kms.katalon.core.main.ScriptEngine.runScriptAsRawText(ScriptEngine.java:119)
	at com.kms.katalon.core.main.TestCaseExecutor.runScript(TestCaseExecutor.java:430)
	at com.kms.katalon.core.main.TestCaseExecutor.doExecute(TestCaseExecutor.java:421)
	at com.kms.katalon.core.main.TestCaseExecutor.processExecutionPhase(TestCaseExecutor.java:400)
	at com.kms.katalon.core.main.TestCaseExecutor.accessMainPhase(TestCaseExecutor.java:392)
	at com.kms.katalon.core.main.TestCaseExecutor.execute(TestCaseExecutor.java:273)
	at com.kms.katalon.core.main.TestSuiteExecutor.accessTestCaseMainPhase(TestSuiteExecutor.java:202)
	at com.kms.katalon.core.main.TestSuiteExecutor.accessTestSuiteMainPhase(TestSuiteExecutor.java:164)
	at com.kms.katalon.core.main.TestSuiteExecutor.execute(TestSuiteExecutor.java:105)
	at com.kms.katalon.core.main.TestCaseMain.startTestSuite(TestCaseMain.java:185)
	at com.kms.katalon.core.main.TestCaseMain$startTestSuite$0.call(Unknown Source)
	at TempTestSuite1635931121507.run(TempTestSuite1635931121507.groovy:36)


2021-11-03 10:19:15 - [MESSAGE][ERROR] - Test Cases/TestDataDrivenLogin FAILED.
Reason:
groovy.lang.MissingPropertyException: No such property: ConditionType for class: Script1635791682593
	at TestDataDrivenLogin.run(TestDataDrivenLogin:31)
	at com.kms.katalon.core.main.ScriptEngine.run(ScriptEngine.java:194)
	at com.kms.katalon.core.main.ScriptEngine.runScriptAsRawText(ScriptEngine.java:119)
	at com.kms.katalon.core.main.TestCaseExecutor.runScript(TestCaseExecutor.java:430)
	at com.kms.katalon.core.main.TestCaseExecutor.doExecute(TestCaseExecutor.java:421)
	at com.kms.katalon.core.main.TestCaseExecutor.processExecutionPhase(TestCaseExecutor.java:400)
	at com.kms.katalon.core.main.TestCaseExecutor.accessMainPhase(TestCaseExecutor.java:392)
	at com.kms.katalon.core.main.TestCaseExecutor.execute(TestCaseExecutor.java:273)
	at com.kms.katalon.core.main.TestSuiteExecutor.accessTestCaseMainPhase(TestSuiteExecutor.java:202)
	at com.kms.katalon.core.main.TestSuiteExecutor.accessTestSuiteMainPhase(TestSuiteExecutor.java:164)
	at com.kms.katalon.core.main.TestSuiteExecutor.execute(TestSuiteExecutor.java:105)
	at com.kms.katalon.core.main.TestCaseMain.startTestSuite(TestCaseMain.java:185)
	at com.kms.katalon.core.main.TestCaseMain$startTestSuite$0.call(Unknown Source)
	at TempTestSuite1635931121507.run(TempTestSuite1635931121507.groovy:36)


2021-11-03 10:19:15 - [TEST_STEP][PASSED] - Start listener action : sampleAfterTestCase: null

2021-11-03 10:19:15 - [TEST_STEP][PASSED] - println(testCaseContext.getTestCaseId()): null

2021-11-03 10:19:15 - [TEST_STEP][PASSED] - println(testCaseContext.getTestCaseStatus()): null]]></system-out>
         <system-err><![CDATA[2021-11-03 10:19:11 - [TEST_CASE][ERROR] - Test Cases/TestDataDrivenLogin: Test Cases/TestDataDrivenLogin FAILED.
Reason:
groovy.lang.MissingPropertyException: No such property: ConditionType for class: Script1635791682593
	at TestDataDrivenLogin.run(TestDataDrivenLogin:31)
	at com.kms.katalon.core.main.ScriptEngine.run(ScriptEngine.java:194)
	at com.kms.katalon.core.main.ScriptEngine.runScriptAsRawText(ScriptEngine.java:119)
	at com.kms.katalon.core.main.TestCaseExecutor.runScript(TestCaseExecutor.java:430)
	at com.kms.katalon.core.main.TestCaseExecutor.doExecute(TestCaseExecutor.java:421)
	at com.kms.katalon.core.main.TestCaseExecutor.processExecutionPhase(TestCaseExecutor.java:400)
	at com.kms.katalon.core.main.TestCaseExecutor.accessMainPhase(TestCaseExecutor.java:392)
	at com.kms.katalon.core.main.TestCaseExecutor.execute(TestCaseExecutor.java:273)
	at com.kms.katalon.core.main.TestSuiteExecutor.accessTestCaseMainPhase(TestSuiteExecutor.java:202)
	at com.kms.katalon.core.main.TestSuiteExecutor.accessTestSuiteMainPhase(TestSuiteExecutor.java:164)
	at com.kms.katalon.core.main.TestSuiteExecutor.execute(TestSuiteExecutor.java:105)
	at com.kms.katalon.core.main.TestCaseMain.startTestSuite(TestCaseMain.java:185)
	at com.kms.katalon.core.main.TestCaseMain$startTestSuite$0.call(Unknown Source)
	at TempTestSuite1635931121507.run(TempTestSuite1635931121507.groovy:36)]]></system-err>
      </testcase>
      <system-out><![CDATA[2021-11-03 10:18:57 - [TEST_SUITE][ERROR] - Authentification: Test Cases/TestDataDrivenLogin FAILED.
Reason:
groovy.lang.MissingPropertyException: No such property: ConditionType for class: Script1635791682593
	at TestDataDrivenLogin.run(TestDataDrivenLogin:31)
	at com.kms.katalon.core.main.ScriptEngine.run(ScriptEngine.java:194)
	at com.kms.katalon.core.main.ScriptEngine.runScriptAsRawText(ScriptEngine.java:119)
	at com.kms.katalon.core.main.TestCaseExecutor.runScript(TestCaseExecutor.java:430)
	at com.kms.katalon.core.main.TestCaseExecutor.doExecute(TestCaseExecutor.java:421)
	at com.kms.katalon.core.main.TestCaseExecutor.processExecutionPhase(TestCaseExecutor.java:400)
	at com.kms.katalon.core.main.TestCaseExecutor.accessMainPhase(TestCaseExecutor.java:392)
	at com.kms.katalon.core.main.TestCaseExecutor.execute(TestCaseExecutor.java:273)
	at com.kms.katalon.core.main.TestSuiteExecutor.accessTestCaseMainPhase(TestSuiteExecutor.java:202)
	at com.kms.katalon.core.main.TestSuiteExecutor.accessTestSuiteMainPhase(TestSuiteExecutor.java:164)
	at com.kms.katalon.core.main.TestSuiteExecutor.execute(TestSuiteExecutor.java:105)
	at com.kms.katalon.core.main.TestCaseMain.startTestSuite(TestCaseMain.java:185)
	at com.kms.katalon.core.main.TestCaseMain$startTestSuite$0.call(Unknown Source)
	at TempTestSuite1635931121507.run(TempTestSuite1635931121507.groovy:36)]]></system-out>
      <system-err><![CDATA[2021-11-03 10:18:57 - [TEST_SUITE][ERROR] - Authentification: Test Cases/TestDataDrivenLogin FAILED.
Reason:
groovy.lang.MissingPropertyException: No such property: ConditionType for class: Script1635791682593
	at TestDataDrivenLogin.run(TestDataDrivenLogin:31)
	at com.kms.katalon.core.main.ScriptEngine.run(ScriptEngine.java:194)
	at com.kms.katalon.core.main.ScriptEngine.runScriptAsRawText(ScriptEngine.java:119)
	at com.kms.katalon.core.main.TestCaseExecutor.runScript(TestCaseExecutor.java:430)
	at com.kms.katalon.core.main.TestCaseExecutor.doExecute(TestCaseExecutor.java:421)
	at com.kms.katalon.core.main.TestCaseExecutor.processExecutionPhase(TestCaseExecutor.java:400)
	at com.kms.katalon.core.main.TestCaseExecutor.accessMainPhase(TestCaseExecutor.java:392)
	at com.kms.katalon.core.main.TestCaseExecutor.execute(TestCaseExecutor.java:273)
	at com.kms.katalon.core.main.TestSuiteExecutor.accessTestCaseMainPhase(TestSuiteExecutor.java:202)
	at com.kms.katalon.core.main.TestSuiteExecutor.accessTestSuiteMainPhase(TestSuiteExecutor.java:164)
	at com.kms.katalon.core.main.TestSuiteExecutor.execute(TestSuiteExecutor.java:105)
	at com.kms.katalon.core.main.TestCaseMain.startTestSuite(TestCaseMain.java:185)
	at com.kms.katalon.core.main.TestCaseMain$startTestSuite$0.call(Unknown Source)
	at TempTestSuite1635931121507.run(TempTestSuite1635931121507.groovy:36)]]></system-err>
   </testsuite>
</testsuites>
